<?xml version="1.0" encoding="UTF-8"?>
<testsuite xmlns:xsi="http://www.w3.org/2001/XMLSchema-instance" xsi:noNamespaceSchemaLocation="https://maven.apache.org/surefire/maven-surefire-plugin/xsd/surefire-test-report-3.0.xsd" version="3.0" name="com.slkgroup.spring.web.service.impl.EmployeeServiceImplTest" time="0.036" tests="7" errors="0" skipped="0" failures="0">
  <properties>
[...]
</properties>
  <testcase name="testDeleteEmployee" classname="com.slkgroup.spring.web.service.impl.EmployeeServiceImplTest" time="0"/>
  <testcase name="testGetEmployee" classname="com.slkgroup.spring.web.service.impl.EmployeeServiceImplTest" time="0.004"/>
  <testcase name="testGetAllEmployeesString" classname="com.slkgroup.spring.web.service.impl.EmployeeServiceImplTest" time="0.006"/>
  <testcase name="testUpdateEmployee" classname="com.slkgroup.spring.web.service.impl.EmployeeServiceImplTest" time="0.006"/>
  <testcase name="testingSeriveObject" classname="com.slkgroup.spring.web.service.impl.EmployeeServiceImplTest" time="0.002"/>
  <testcase name="testCreateEmployee" classname="com.slkgroup.spring.web.service.impl.EmployeeServiceImplTest" time="0.004"/>
  <testcase name="testGetAllEmployees" classname="com.slkgroup.spring.web.service.impl.EmployeeServiceImplTest" time="0.01"/>
</testsuite>